mode: set
github.com/Alieksieiev0/feed-templ/internal/view/layout/base_templ.go:13.70,14.110 1 0
github.com/Alieksieiev0/feed-templ/internal/view/layout/base_templ.go:14.110,16.31 2 0
github.com/Alieksieiev0/feed-templ/internal/view/layout/base_templ.go:16.31,19.4 2 0
github.com/Alieksieiev0/feed-templ/internal/view/layout/base_templ.go:20.3,22.33 3 0
github.com/Alieksieiev0/feed-templ/internal/view/layout/base_templ.go:22.33,24.4 1 0
github.com/Alieksieiev0/feed-templ/internal/view/layout/base_templ.go:25.3,27.32 3 0
github.com/Alieksieiev0/feed-templ/internal/view/layout/base_templ.go:27.32,29.4 1 0
github.com/Alieksieiev0/feed-templ/internal/view/layout/base_templ.go:30.3,31.32 2 0
github.com/Alieksieiev0/feed-templ/internal/view/layout/base_templ.go:31.32,33.4 1 0
github.com/Alieksieiev0/feed-templ/internal/view/layout/base_templ.go:34.3,35.32 2 0
github.com/Alieksieiev0/feed-templ/internal/view/layout/base_templ.go:35.32,37.4 1 0
github.com/Alieksieiev0/feed-templ/internal/view/layout/base_templ.go:38.3,39.32 2 0
github.com/Alieksieiev0/feed-templ/internal/view/layout/base_templ.go:39.32,41.4 1 0
github.com/Alieksieiev0/feed-templ/internal/view/layout/base_templ.go:42.3,42.31 1 0
github.com/Alieksieiev0/feed-templ/internal/view/layout/base_templ.go:42.31,44.4 1 0
github.com/Alieksieiev0/feed-templ/internal/view/layout/base_templ.go:45.3,45.28 1 0
github.com/Alieksieiev0/feed-templ/internal/view/layout/header_templ.go:13.46,14.110 1 0
github.com/Alieksieiev0/feed-templ/internal/view/layout/header_templ.go:14.110,16.31 2 0
github.com/Alieksieiev0/feed-templ/internal/view/layout/header_templ.go:16.31,19.4 2 0
github.com/Alieksieiev0/feed-templ/internal/view/layout/header_templ.go:20.3,22.33 3 0
github.com/Alieksieiev0/feed-templ/internal/view/layout/header_templ.go:22.33,24.4 1 0
github.com/Alieksieiev0/feed-templ/internal/view/layout/header_templ.go:25.3,27.32 3 0
github.com/Alieksieiev0/feed-templ/internal/view/layout/header_templ.go:27.32,29.4 1 0
github.com/Alieksieiev0/feed-templ/internal/view/layout/header_templ.go:30.3,30.18 1 0
github.com/Alieksieiev0/feed-templ/internal/view/layout/header_templ.go:30.18,32.33 2 0
github.com/Alieksieiev0/feed-templ/internal/view/layout/header_templ.go:32.33,34.5 1 0
github.com/Alieksieiev0/feed-templ/internal/view/layout/header_templ.go:35.9,37.33 2 0
github.com/Alieksieiev0/feed-templ/internal/view/layout/header_templ.go:37.33,39.5 1 0
github.com/Alieksieiev0/feed-templ/internal/view/layout/header_templ.go:41.3,42.32 2 0
github.com/Alieksieiev0/feed-templ/internal/view/layout/header_templ.go:42.32,44.4 1 0
github.com/Alieksieiev0/feed-templ/internal/view/layout/header_templ.go:45.3,45.31 1 0
github.com/Alieksieiev0/feed-templ/internal/view/layout/header_templ.go:45.31,47.4 1 0
github.com/Alieksieiev0/feed-templ/internal/view/layout/header_templ.go:48.3,48.28 1 0
github.com/Alieksieiev0/feed-templ/cmd/feed-templ/main.go:17.13,30.16 5 0
github.com/Alieksieiev0/feed-templ/cmd/feed-templ/main.go:30.16,32.3 1 0
github.com/Alieksieiev0/feed-templ/internal/transport/web/handler.go:20.35,22.2 1 0
github.com/Alieksieiev0/feed-templ/internal/transport/web/handler.go:24.37,26.2 1 0
github.com/Alieksieiev0/feed-templ/internal/transport/web/handler.go:28.37,30.2 1 0
github.com/Alieksieiev0/feed-templ/internal/transport/web/handler.go:32.61,33.34 1 0
github.com/Alieksieiev0/feed-templ/internal/transport/web/handler.go:33.34,35.44 2 0
github.com/Alieksieiev0/feed-templ/internal/transport/web/handler.go:35.44,41.4 1 0
github.com/Alieksieiev0/feed-templ/internal/transport/web/handler.go:43.3,44.17 2 0
github.com/Alieksieiev0/feed-templ/internal/transport/web/handler.go:44.17,46.4 1 0
github.com/Alieksieiev0/feed-templ/internal/transport/web/handler.go:48.3,52.4 1 0
github.com/Alieksieiev0/feed-templ/internal/transport/web/handler.go:56.61,57.34 1 0
github.com/Alieksieiev0/feed-templ/internal/transport/web/handler.go:57.34,59.44 2 0
github.com/Alieksieiev0/feed-templ/internal/transport/web/handler.go:59.44,65.4 1 0
github.com/Alieksieiev0/feed-templ/internal/transport/web/handler.go:67.3,68.17 2 0
github.com/Alieksieiev0/feed-templ/internal/transport/web/handler.go:68.17,70.4 1 0
github.com/Alieksieiev0/feed-templ/internal/transport/web/handler.go:72.3,104.13 11 0
github.com/Alieksieiev0/feed-templ/internal/transport/web/handler.go:108.75,110.2 1 0
github.com/Alieksieiev0/feed-templ/internal/transport/web/handler.go:112.36,114.2 1 0
github.com/Alieksieiev0/feed-templ/internal/transport/web/handler.go:120.9,122.28 2 0
github.com/Alieksieiev0/feed-templ/internal/transport/web/handler.go:122.28,124.3 1 0
github.com/Alieksieiev0/feed-templ/internal/transport/web/handler.go:125.2,125.49 1 0
github.com/Alieksieiev0/feed-templ/internal/transport/web/middleware.go:11.45,13.2 1 0
github.com/Alieksieiev0/feed-templ/internal/transport/web/server.go:16.46,20.2 1 0
github.com/Alieksieiev0/feed-templ/internal/transport/web/server.go:22.78,41.2 9 0
github.com/Alieksieiev0/feed-templ/internal/view/auth/signin_templ.go:20.31,21.110 1 0
github.com/Alieksieiev0/feed-templ/internal/view/auth/signin_templ.go:21.110,23.31 2 0
github.com/Alieksieiev0/feed-templ/internal/view/auth/signin_templ.go:23.31,26.4 2 0
github.com/Alieksieiev0/feed-templ/internal/view/auth/signin_templ.go:27.3,29.33 3 0
github.com/Alieksieiev0/feed-templ/internal/view/auth/signin_templ.go:29.33,31.4 1 0
github.com/Alieksieiev0/feed-templ/internal/view/auth/signin_templ.go:32.3,34.32 3 0
github.com/Alieksieiev0/feed-templ/internal/view/auth/signin_templ.go:34.32,36.4 1 0
github.com/Alieksieiev0/feed-templ/internal/view/auth/signin_templ.go:37.3,38.32 2 0
github.com/Alieksieiev0/feed-templ/internal/view/auth/signin_templ.go:38.32,40.4 1 0
github.com/Alieksieiev0/feed-templ/internal/view/auth/signin_templ.go:41.3,42.32 2 0
github.com/Alieksieiev0/feed-templ/internal/view/auth/signin_templ.go:42.32,44.4 1 0
github.com/Alieksieiev0/feed-templ/internal/view/auth/signin_templ.go:45.3,45.31 1 0
github.com/Alieksieiev0/feed-templ/internal/view/auth/signin_templ.go:45.31,47.4 1 0
github.com/Alieksieiev0/feed-templ/internal/view/auth/signin_templ.go:48.3,48.28 1 0
github.com/Alieksieiev0/feed-templ/internal/view/auth/signin_templ.go:52.35,53.110 1 0
github.com/Alieksieiev0/feed-templ/internal/view/auth/signin_templ.go:53.110,55.31 2 0
github.com/Alieksieiev0/feed-templ/internal/view/auth/signin_templ.go:55.31,58.4 2 0
github.com/Alieksieiev0/feed-templ/internal/view/auth/signin_templ.go:59.3,61.33 3 0
github.com/Alieksieiev0/feed-templ/internal/view/auth/signin_templ.go:61.33,63.4 1 0
github.com/Alieksieiev0/feed-templ/internal/view/auth/signin_templ.go:64.3,79.32 3 0
github.com/Alieksieiev0/feed-templ/internal/view/auth/signin_templ.go:79.32,81.4 1 0
github.com/Alieksieiev0/feed-templ/internal/view/auth/signin_templ.go:82.3,82.31 1 0
github.com/Alieksieiev0/feed-templ/internal/view/auth/signin_templ.go:82.31,84.4 1 0
github.com/Alieksieiev0/feed-templ/internal/view/auth/signin_templ.go:85.3,85.28 1 0
github.com/Alieksieiev0/feed-templ/internal/view/auth/signup_templ.go:24.31,25.110 1 0
github.com/Alieksieiev0/feed-templ/internal/view/auth/signup_templ.go:25.110,27.31 2 0
github.com/Alieksieiev0/feed-templ/internal/view/auth/signup_templ.go:27.31,30.4 2 0
github.com/Alieksieiev0/feed-templ/internal/view/auth/signup_templ.go:31.3,33.33 3 0
github.com/Alieksieiev0/feed-templ/internal/view/auth/signup_templ.go:33.33,35.4 1 0
github.com/Alieksieiev0/feed-templ/internal/view/auth/signup_templ.go:36.3,38.32 3 0
github.com/Alieksieiev0/feed-templ/internal/view/auth/signup_templ.go:38.32,40.4 1 0
github.com/Alieksieiev0/feed-templ/internal/view/auth/signup_templ.go:41.3,42.32 2 0
github.com/Alieksieiev0/feed-templ/internal/view/auth/signup_templ.go:42.32,44.4 1 0
github.com/Alieksieiev0/feed-templ/internal/view/auth/signup_templ.go:45.3,46.32 2 0
github.com/Alieksieiev0/feed-templ/internal/view/auth/signup_templ.go:46.32,48.4 1 0
github.com/Alieksieiev0/feed-templ/internal/view/auth/signup_templ.go:49.3,49.31 1 0
github.com/Alieksieiev0/feed-templ/internal/view/auth/signup_templ.go:49.31,51.4 1 0
github.com/Alieksieiev0/feed-templ/internal/view/auth/signup_templ.go:52.3,52.28 1 0
github.com/Alieksieiev0/feed-templ/internal/view/auth/signup_templ.go:56.35,57.110 1 0
github.com/Alieksieiev0/feed-templ/internal/view/auth/signup_templ.go:57.110,59.31 2 0
github.com/Alieksieiev0/feed-templ/internal/view/auth/signup_templ.go:59.31,62.4 2 0
github.com/Alieksieiev0/feed-templ/internal/view/auth/signup_templ.go:63.3,65.33 3 0
github.com/Alieksieiev0/feed-templ/internal/view/auth/signup_templ.go:65.33,67.4 1 0
github.com/Alieksieiev0/feed-templ/internal/view/auth/signup_templ.go:68.3,88.32 3 0
github.com/Alieksieiev0/feed-templ/internal/view/auth/signup_templ.go:88.32,90.4 1 0
github.com/Alieksieiev0/feed-templ/internal/view/auth/signup_templ.go:91.3,91.31 1 0
github.com/Alieksieiev0/feed-templ/internal/view/auth/signup_templ.go:91.31,93.4 1 0
github.com/Alieksieiev0/feed-templ/internal/view/auth/signup_templ.go:94.3,94.28 1 0
github.com/Alieksieiev0/feed-templ/internal/services/auth.go:19.69,25.2 1 0
github.com/Alieksieiev0/feed-templ/internal/services/auth.go:33.85,35.16 2 0
github.com/Alieksieiev0/feed-templ/internal/services/auth.go:35.16,37.3 1 0
github.com/Alieksieiev0/feed-templ/internal/services/auth.go:39.2,39.44 1 0
github.com/Alieksieiev0/feed-templ/internal/services/auth.go:39.44,41.3 1 0
github.com/Alieksieiev0/feed-templ/internal/services/auth.go:43.2,43.49 1 0
github.com/Alieksieiev0/feed-templ/internal/services/auth.go:46.100,48.16 2 0
github.com/Alieksieiev0/feed-templ/internal/services/auth.go:48.16,52.3 1 0
github.com/Alieksieiev0/feed-templ/internal/services/auth.go:54.2,54.39 1 0
github.com/Alieksieiev0/feed-templ/internal/services/auth.go:54.39,57.17 3 0
github.com/Alieksieiev0/feed-templ/internal/services/auth.go:57.17,59.4 1 0
github.com/Alieksieiev0/feed-templ/internal/services/auth.go:60.3,60.41 1 0
github.com/Alieksieiev0/feed-templ/internal/services/auth.go:63.2,63.54 1 0
github.com/Alieksieiev0/feed-templ/internal/services/auth.go:66.51,69.16 3 0
github.com/Alieksieiev0/feed-templ/internal/services/auth.go:69.16,71.3 1 0
github.com/Alieksieiev0/feed-templ/internal/services/auth.go:72.2,72.34 1 0
github.com/Alieksieiev0/feed-templ/internal/services/auth.go:75.82,77.16 2 0
github.com/Alieksieiev0/feed-templ/internal/services/auth.go:77.16,79.3 1 0
github.com/Alieksieiev0/feed-templ/internal/services/auth.go:81.2,83.16 3 0
github.com/Alieksieiev0/feed-templ/internal/services/auth.go:83.16,85.3 1 0
github.com/Alieksieiev0/feed-templ/internal/services/auth.go:87.2,87.35 1 0
github.com/Alieksieiev0/feed-templ/internal/view/core/feed_templ.go:15.47,16.110 1 0
github.com/Alieksieiev0/feed-templ/internal/view/core/feed_templ.go:16.110,18.31 2 0
github.com/Alieksieiev0/feed-templ/internal/view/core/feed_templ.go:18.31,21.4 2 0
github.com/Alieksieiev0/feed-templ/internal/view/core/feed_templ.go:22.3,24.33 3 0
github.com/Alieksieiev0/feed-templ/internal/view/core/feed_templ.go:24.33,26.4 1 0
github.com/Alieksieiev0/feed-templ/internal/view/core/feed_templ.go:27.3,28.30 2 0
github.com/Alieksieiev0/feed-templ/internal/view/core/feed_templ.go:28.30,30.33 2 0
github.com/Alieksieiev0/feed-templ/internal/view/core/feed_templ.go:30.33,32.5 1 0
github.com/Alieksieiev0/feed-templ/internal/view/core/feed_templ.go:33.4,34.33 2 0
github.com/Alieksieiev0/feed-templ/internal/view/core/feed_templ.go:34.33,36.5 1 0
github.com/Alieksieiev0/feed-templ/internal/view/core/feed_templ.go:37.4,38.33 2 0
github.com/Alieksieiev0/feed-templ/internal/view/core/feed_templ.go:38.33,40.5 1 0
github.com/Alieksieiev0/feed-templ/internal/view/core/feed_templ.go:42.3,42.31 1 0
github.com/Alieksieiev0/feed-templ/internal/view/core/feed_templ.go:42.31,44.4 1 0
github.com/Alieksieiev0/feed-templ/internal/view/core/feed_templ.go:45.3,45.28 1 0
github.com/Alieksieiev0/feed-templ/internal/view/core/feed_templ.go:49.44,50.110 1 0
github.com/Alieksieiev0/feed-templ/internal/view/core/feed_templ.go:50.110,52.31 2 0
github.com/Alieksieiev0/feed-templ/internal/view/core/feed_templ.go:52.31,55.4 2 0
github.com/Alieksieiev0/feed-templ/internal/view/core/feed_templ.go:56.3,58.33 3 0
github.com/Alieksieiev0/feed-templ/internal/view/core/feed_templ.go:58.33,60.4 1 0
github.com/Alieksieiev0/feed-templ/internal/view/core/feed_templ.go:61.3,63.32 3 0
github.com/Alieksieiev0/feed-templ/internal/view/core/feed_templ.go:63.32,65.4 1 0
github.com/Alieksieiev0/feed-templ/internal/view/core/feed_templ.go:66.3,68.32 3 0
github.com/Alieksieiev0/feed-templ/internal/view/core/feed_templ.go:68.32,70.4 1 0
github.com/Alieksieiev0/feed-templ/internal/view/core/feed_templ.go:71.3,72.32 2 0
github.com/Alieksieiev0/feed-templ/internal/view/core/feed_templ.go:72.32,74.4 1 0
github.com/Alieksieiev0/feed-templ/internal/view/core/feed_templ.go:75.3,77.32 3 0
github.com/Alieksieiev0/feed-templ/internal/view/core/feed_templ.go:77.32,79.4 1 0
github.com/Alieksieiev0/feed-templ/internal/view/core/feed_templ.go:80.3,81.32 2 0
github.com/Alieksieiev0/feed-templ/internal/view/core/feed_templ.go:81.32,83.4 1 0
github.com/Alieksieiev0/feed-templ/internal/view/core/feed_templ.go:84.3,85.32 2 0
github.com/Alieksieiev0/feed-templ/internal/view/core/feed_templ.go:85.32,87.4 1 0
github.com/Alieksieiev0/feed-templ/internal/view/core/feed_templ.go:88.3,90.32 3 0
github.com/Alieksieiev0/feed-templ/internal/view/core/feed_templ.go:90.32,92.4 1 0
github.com/Alieksieiev0/feed-templ/internal/view/core/feed_templ.go:93.3,94.32 2 0
github.com/Alieksieiev0/feed-templ/internal/view/core/feed_templ.go:94.32,96.4 1 0
github.com/Alieksieiev0/feed-templ/internal/view/core/feed_templ.go:97.3,98.32 2 0
github.com/Alieksieiev0/feed-templ/internal/view/core/feed_templ.go:98.32,100.4 1 0
github.com/Alieksieiev0/feed-templ/internal/view/core/feed_templ.go:101.3,103.32 3 0
github.com/Alieksieiev0/feed-templ/internal/view/core/feed_templ.go:103.32,105.4 1 0
github.com/Alieksieiev0/feed-templ/internal/view/core/feed_templ.go:106.3,107.32 2 0
github.com/Alieksieiev0/feed-templ/internal/view/core/feed_templ.go:107.32,109.4 1 0
github.com/Alieksieiev0/feed-templ/internal/view/core/feed_templ.go:110.3,111.32 2 0
github.com/Alieksieiev0/feed-templ/internal/view/core/feed_templ.go:111.32,113.4 1 0
github.com/Alieksieiev0/feed-templ/internal/view/core/feed_templ.go:114.3,116.32 3 0
github.com/Alieksieiev0/feed-templ/internal/view/core/feed_templ.go:116.32,118.4 1 0
github.com/Alieksieiev0/feed-templ/internal/view/core/feed_templ.go:119.3,120.32 2 0
github.com/Alieksieiev0/feed-templ/internal/view/core/feed_templ.go:120.32,122.4 1 0
github.com/Alieksieiev0/feed-templ/internal/view/core/feed_templ.go:123.3,124.32 2 0
github.com/Alieksieiev0/feed-templ/internal/view/core/feed_templ.go:124.32,126.4 1 0
github.com/Alieksieiev0/feed-templ/internal/view/core/feed_templ.go:127.3,127.31 1 0
github.com/Alieksieiev0/feed-templ/internal/view/core/feed_templ.go:127.31,129.4 1 0
github.com/Alieksieiev0/feed-templ/internal/view/core/feed_templ.go:130.3,130.28 1 0
github.com/Alieksieiev0/feed-templ/internal/view/core/forms_templ.go:13.97,14.110 1 0
github.com/Alieksieiev0/feed-templ/internal/view/core/forms_templ.go:14.110,16.31 2 0
github.com/Alieksieiev0/feed-templ/internal/view/core/forms_templ.go:16.31,19.4 2 0
github.com/Alieksieiev0/feed-templ/internal/view/core/forms_templ.go:20.3,22.33 3 0
github.com/Alieksieiev0/feed-templ/internal/view/core/forms_templ.go:22.33,24.4 1 0
github.com/Alieksieiev0/feed-templ/internal/view/core/forms_templ.go:25.3,27.32 3 0
github.com/Alieksieiev0/feed-templ/internal/view/core/forms_templ.go:27.32,29.4 1 0
github.com/Alieksieiev0/feed-templ/internal/view/core/forms_templ.go:30.3,32.32 3 0
github.com/Alieksieiev0/feed-templ/internal/view/core/forms_templ.go:32.32,34.4 1 0
github.com/Alieksieiev0/feed-templ/internal/view/core/forms_templ.go:35.3,36.32 2 0
github.com/Alieksieiev0/feed-templ/internal/view/core/forms_templ.go:36.32,38.4 1 0
github.com/Alieksieiev0/feed-templ/internal/view/core/forms_templ.go:39.3,40.32 2 0
github.com/Alieksieiev0/feed-templ/internal/view/core/forms_templ.go:40.32,42.4 1 0
github.com/Alieksieiev0/feed-templ/internal/view/core/forms_templ.go:43.3,43.32 1 0
github.com/Alieksieiev0/feed-templ/internal/view/core/forms_templ.go:43.32,45.33 2 0
github.com/Alieksieiev0/feed-templ/internal/view/core/forms_templ.go:45.33,47.5 1 0
github.com/Alieksieiev0/feed-templ/internal/view/core/forms_templ.go:48.4,49.33 2 0
github.com/Alieksieiev0/feed-templ/internal/view/core/forms_templ.go:49.33,51.5 1 0
github.com/Alieksieiev0/feed-templ/internal/view/core/forms_templ.go:52.4,53.33 2 0
github.com/Alieksieiev0/feed-templ/internal/view/core/forms_templ.go:53.33,55.5 1 0
github.com/Alieksieiev0/feed-templ/internal/view/core/forms_templ.go:57.3,58.32 2 0
github.com/Alieksieiev0/feed-templ/internal/view/core/forms_templ.go:58.32,60.4 1 0
github.com/Alieksieiev0/feed-templ/internal/view/core/forms_templ.go:61.3,62.32 2 0
github.com/Alieksieiev0/feed-templ/internal/view/core/forms_templ.go:62.32,64.4 1 0
github.com/Alieksieiev0/feed-templ/internal/view/core/forms_templ.go:65.3,66.32 2 0
github.com/Alieksieiev0/feed-templ/internal/view/core/forms_templ.go:66.32,68.4 1 0
github.com/Alieksieiev0/feed-templ/internal/view/core/forms_templ.go:69.3,69.31 1 0
github.com/Alieksieiev0/feed-templ/internal/view/core/forms_templ.go:69.31,71.4 1 0
github.com/Alieksieiev0/feed-templ/internal/view/core/forms_templ.go:72.3,72.28 1 0
github.com/Alieksieiev0/feed-templ/internal/view/core/forms_templ.go:76.67,77.110 1 0
github.com/Alieksieiev0/feed-templ/internal/view/core/forms_templ.go:77.110,79.31 2 0
github.com/Alieksieiev0/feed-templ/internal/view/core/forms_templ.go:79.31,82.4 2 0
github.com/Alieksieiev0/feed-templ/internal/view/core/forms_templ.go:83.3,85.33 3 0
github.com/Alieksieiev0/feed-templ/internal/view/core/forms_templ.go:85.33,87.4 1 0
github.com/Alieksieiev0/feed-templ/internal/view/core/forms_templ.go:88.3,90.32 3 0
github.com/Alieksieiev0/feed-templ/internal/view/core/forms_templ.go:90.32,92.4 1 0
github.com/Alieksieiev0/feed-templ/internal/view/core/forms_templ.go:93.3,94.32 2 0
github.com/Alieksieiev0/feed-templ/internal/view/core/forms_templ.go:94.32,96.4 1 0
github.com/Alieksieiev0/feed-templ/internal/view/core/forms_templ.go:97.3,98.32 2 0
github.com/Alieksieiev0/feed-templ/internal/view/core/forms_templ.go:98.32,100.4 1 0
github.com/Alieksieiev0/feed-templ/internal/view/core/forms_templ.go:101.3,103.32 3 0
github.com/Alieksieiev0/feed-templ/internal/view/core/forms_templ.go:103.32,105.4 1 0
github.com/Alieksieiev0/feed-templ/internal/view/core/forms_templ.go:106.3,107.32 2 0
github.com/Alieksieiev0/feed-templ/internal/view/core/forms_templ.go:107.32,109.4 1 0
github.com/Alieksieiev0/feed-templ/internal/view/core/forms_templ.go:110.3,111.32 2 0
github.com/Alieksieiev0/feed-templ/internal/view/core/forms_templ.go:111.32,113.4 1 0
github.com/Alieksieiev0/feed-templ/internal/view/core/forms_templ.go:114.3,114.31 1 0
github.com/Alieksieiev0/feed-templ/internal/view/core/forms_templ.go:114.31,116.4 1 0
github.com/Alieksieiev0/feed-templ/internal/view/core/forms_templ.go:117.3,117.28 1 0
github.com/Alieksieiev0/feed-templ/internal/view/core/forms_templ.go:121.56,123.2 1 0
github.com/Alieksieiev0/feed-templ/internal/view/core/forms_templ.go:125.83,126.110 1 0
github.com/Alieksieiev0/feed-templ/internal/view/core/forms_templ.go:126.110,128.31 2 0
github.com/Alieksieiev0/feed-templ/internal/view/core/forms_templ.go:128.31,131.4 2 0
github.com/Alieksieiev0/feed-templ/internal/view/core/forms_templ.go:132.3,134.33 3 0
github.com/Alieksieiev0/feed-templ/internal/view/core/forms_templ.go:134.33,136.4 1 0
github.com/Alieksieiev0/feed-templ/internal/view/core/forms_templ.go:137.3,139.32 3 0
github.com/Alieksieiev0/feed-templ/internal/view/core/forms_templ.go:139.32,141.4 1 0
github.com/Alieksieiev0/feed-templ/internal/view/core/forms_templ.go:142.3,143.32 2 0
github.com/Alieksieiev0/feed-templ/internal/view/core/forms_templ.go:143.32,145.4 1 0
github.com/Alieksieiev0/feed-templ/internal/view/core/forms_templ.go:146.3,147.32 2 0
github.com/Alieksieiev0/feed-templ/internal/view/core/forms_templ.go:147.32,149.4 1 0
github.com/Alieksieiev0/feed-templ/internal/view/core/forms_templ.go:150.3,152.32 3 0
github.com/Alieksieiev0/feed-templ/internal/view/core/forms_templ.go:152.32,154.4 1 0
github.com/Alieksieiev0/feed-templ/internal/view/core/forms_templ.go:155.3,156.32 2 0
github.com/Alieksieiev0/feed-templ/internal/view/core/forms_templ.go:156.32,158.4 1 0
github.com/Alieksieiev0/feed-templ/internal/view/core/forms_templ.go:159.3,160.32 2 0
github.com/Alieksieiev0/feed-templ/internal/view/core/forms_templ.go:160.32,162.4 1 0
github.com/Alieksieiev0/feed-templ/internal/view/core/forms_templ.go:163.3,164.32 2 0
github.com/Alieksieiev0/feed-templ/internal/view/core/forms_templ.go:164.32,166.4 1 0
github.com/Alieksieiev0/feed-templ/internal/view/core/forms_templ.go:167.3,168.32 2 0
github.com/Alieksieiev0/feed-templ/internal/view/core/forms_templ.go:168.32,170.4 1 0
github.com/Alieksieiev0/feed-templ/internal/view/core/forms_templ.go:171.3,171.31 1 0
github.com/Alieksieiev0/feed-templ/internal/view/core/forms_templ.go:171.31,173.4 1 0
github.com/Alieksieiev0/feed-templ/internal/view/core/forms_templ.go:174.3,174.28 1 0
github.com/Alieksieiev0/feed-templ/internal/view/core/forms_templ.go:178.53,180.2 1 0
github.com/Alieksieiev0/feed-templ/internal/view/core/forms_templ.go:182.83,186.2 3 0
github.com/Alieksieiev0/feed-templ/internal/view/core/forms_templ.go:188.74,190.2 1 0
github.com/Alieksieiev0/feed-templ/internal/view/core/pages_templ.go:15.64,16.110 1 0
github.com/Alieksieiev0/feed-templ/internal/view/core/pages_templ.go:16.110,18.31 2 0
github.com/Alieksieiev0/feed-templ/internal/view/core/pages_templ.go:18.31,21.4 2 0
github.com/Alieksieiev0/feed-templ/internal/view/core/pages_templ.go:22.3,24.33 3 0
github.com/Alieksieiev0/feed-templ/internal/view/core/pages_templ.go:24.33,26.4 1 0
github.com/Alieksieiev0/feed-templ/internal/view/core/pages_templ.go:27.3,29.32 3 0
github.com/Alieksieiev0/feed-templ/internal/view/core/pages_templ.go:29.32,31.4 1 0
github.com/Alieksieiev0/feed-templ/internal/view/core/pages_templ.go:32.3,33.32 2 0
github.com/Alieksieiev0/feed-templ/internal/view/core/pages_templ.go:33.32,35.4 1 0
github.com/Alieksieiev0/feed-templ/internal/view/core/pages_templ.go:36.3,37.32 2 0
github.com/Alieksieiev0/feed-templ/internal/view/core/pages_templ.go:37.32,39.4 1 0
github.com/Alieksieiev0/feed-templ/internal/view/core/pages_templ.go:40.3,40.31 1 0
github.com/Alieksieiev0/feed-templ/internal/view/core/pages_templ.go:40.31,42.4 1 0
github.com/Alieksieiev0/feed-templ/internal/view/core/pages_templ.go:43.3,43.28 1 0
github.com/Alieksieiev0/feed-templ/internal/view/core/pages_templ.go:47.33,48.110 1 0
github.com/Alieksieiev0/feed-templ/internal/view/core/pages_templ.go:48.110,50.31 2 0
github.com/Alieksieiev0/feed-templ/internal/view/core/pages_templ.go:50.31,53.4 2 0
github.com/Alieksieiev0/feed-templ/internal/view/core/pages_templ.go:54.3,56.33 3 0
github.com/Alieksieiev0/feed-templ/internal/view/core/pages_templ.go:56.33,58.4 1 0
github.com/Alieksieiev0/feed-templ/internal/view/core/pages_templ.go:59.3,61.32 3 0
github.com/Alieksieiev0/feed-templ/internal/view/core/pages_templ.go:61.32,63.4 1 0
github.com/Alieksieiev0/feed-templ/internal/view/core/pages_templ.go:64.3,64.31 1 0
github.com/Alieksieiev0/feed-templ/internal/view/core/pages_templ.go:64.31,66.4 1 0
github.com/Alieksieiev0/feed-templ/internal/view/core/pages_templ.go:67.3,67.28 1 0
github.com/Alieksieiev0/feed-templ/internal/view/core/responses_templ.go:13.40,14.110 1 0
github.com/Alieksieiev0/feed-templ/internal/view/core/responses_templ.go:14.110,16.31 2 0
github.com/Alieksieiev0/feed-templ/internal/view/core/responses_templ.go:16.31,19.4 2 0
github.com/Alieksieiev0/feed-templ/internal/view/core/responses_templ.go:20.3,22.33 3 0
github.com/Alieksieiev0/feed-templ/internal/view/core/responses_templ.go:22.33,24.4 1 0
github.com/Alieksieiev0/feed-templ/internal/view/core/responses_templ.go:25.3,27.32 3 0
github.com/Alieksieiev0/feed-templ/internal/view/core/responses_templ.go:27.32,29.4 1 0
github.com/Alieksieiev0/feed-templ/internal/view/core/responses_templ.go:30.3,32.32 3 0
github.com/Alieksieiev0/feed-templ/internal/view/core/responses_templ.go:32.32,34.4 1 0
github.com/Alieksieiev0/feed-templ/internal/view/core/responses_templ.go:35.3,36.32 2 0
github.com/Alieksieiev0/feed-templ/internal/view/core/responses_templ.go:36.32,38.4 1 0
github.com/Alieksieiev0/feed-templ/internal/view/core/responses_templ.go:39.3,40.32 2 0
github.com/Alieksieiev0/feed-templ/internal/view/core/responses_templ.go:40.32,42.4 1 0
github.com/Alieksieiev0/feed-templ/internal/view/core/responses_templ.go:43.3,43.31 1 0
github.com/Alieksieiev0/feed-templ/internal/view/core/responses_templ.go:43.31,45.4 1 0
github.com/Alieksieiev0/feed-templ/internal/view/core/responses_templ.go:46.3,46.28 1 0
github.com/Alieksieiev0/feed-templ/internal/view/core/responses_templ.go:50.75,51.110 1 0
github.com/Alieksieiev0/feed-templ/internal/view/core/responses_templ.go:51.110,53.31 2 0
github.com/Alieksieiev0/feed-templ/internal/view/core/responses_templ.go:53.31,56.4 2 0
github.com/Alieksieiev0/feed-templ/internal/view/core/responses_templ.go:57.3,59.33 3 0
github.com/Alieksieiev0/feed-templ/internal/view/core/responses_templ.go:59.33,61.4 1 0
github.com/Alieksieiev0/feed-templ/internal/view/core/responses_templ.go:62.3,64.32 3 0
github.com/Alieksieiev0/feed-templ/internal/view/core/responses_templ.go:64.32,66.4 1 0
github.com/Alieksieiev0/feed-templ/internal/view/core/responses_templ.go:67.3,69.32 3 0
github.com/Alieksieiev0/feed-templ/internal/view/core/responses_templ.go:69.32,71.4 1 0
github.com/Alieksieiev0/feed-templ/internal/view/core/responses_templ.go:72.3,73.32 2 0
github.com/Alieksieiev0/feed-templ/internal/view/core/responses_templ.go:73.32,75.4 1 0
github.com/Alieksieiev0/feed-templ/internal/view/core/responses_templ.go:76.3,77.32 2 0
github.com/Alieksieiev0/feed-templ/internal/view/core/responses_templ.go:77.32,79.4 1 0
github.com/Alieksieiev0/feed-templ/internal/view/core/responses_templ.go:80.3,82.32 3 0
github.com/Alieksieiev0/feed-templ/internal/view/core/responses_templ.go:82.32,84.4 1 0
github.com/Alieksieiev0/feed-templ/internal/view/core/responses_templ.go:85.3,86.32 2 0
github.com/Alieksieiev0/feed-templ/internal/view/core/responses_templ.go:86.32,88.4 1 0
github.com/Alieksieiev0/feed-templ/internal/view/core/responses_templ.go:89.3,91.32 3 0
github.com/Alieksieiev0/feed-templ/internal/view/core/responses_templ.go:91.32,93.4 1 0
github.com/Alieksieiev0/feed-templ/internal/view/core/responses_templ.go:94.3,95.32 2 0
github.com/Alieksieiev0/feed-templ/internal/view/core/responses_templ.go:95.32,97.4 1 0
github.com/Alieksieiev0/feed-templ/internal/view/core/responses_templ.go:98.3,99.32 2 0
github.com/Alieksieiev0/feed-templ/internal/view/core/responses_templ.go:99.32,101.4 1 0
github.com/Alieksieiev0/feed-templ/internal/view/core/responses_templ.go:102.3,102.31 1 0
github.com/Alieksieiev0/feed-templ/internal/view/core/responses_templ.go:102.31,104.4 1 0
github.com/Alieksieiev0/feed-templ/internal/view/core/responses_templ.go:105.3,105.28 1 0
